<?xml version="1.0" encoding="UTF-8"?>
<!-- Generated by org.testng.reporters.JUnitReportReporter -->
<testsuite hostname="LAPTOP-G4PLJVF2" failures="0" tests="2" name="seleniumUdemy.seleniumTut2" time="3.764" errors="0" timestamp="2024-01-15T12:44:48 IST" skipped="0">
  <testcase classname="seleniumUdemy.seleniumTut2" name="login" time="0.718"/>
  <system-out/>
  <testcase classname="seleniumUdemy.seleniumTut2" name="assertionTest" time="3.046"/>
  <system-out/>
</testsuite> <!-- seleniumUdemy.seleniumTut2 -->
