<?xml version="1.0" encoding="UTF-8"?>
<!-- Generated by org.testng.reporters.JUnitReportReporter -->
<testsuite hostname="LAPTOP-G4PLJVF2" failures="0" tests="2" name="seleniumUdemy.seleniumTut1" time="0.658" errors="0" timestamp="2024-01-15T12:01:18 IST" skipped="0">
  <testcase classname="seleniumUdemy.seleniumTut1" name="WebTesting" time="0.319"/>
  <system-out/>
  <testcase classname="seleniumUdemy.seleniumTut1" name="LogingTesting" time="0.339"/>
  <system-out/>
</testsuite> <!-- seleniumUdemy.seleniumTut1 -->
